2017-11-02 20:16:22,221 [main] DEBUG org.jboss.logging - Logging Provider: org.jboss.logging.Slf4jLoggerProvider 
2017-11-02 20:16:23,082 [main] INFO  arcanium.env - 
-=[arcanium started successfully using the development profile]=- 
2017-11-02 20:16:23,300 [main] INFO  luminus.http-server - starting HTTP server on port 3000 
2017-11-02 20:16:23,432 [main] DEBUG io.undertow - starting undertow server io.undertow.Undertow@5aa2168f 
2017-11-02 20:16:23,461 [main] INFO  org.xnio - XNIO version 3.3.6.Final 
2017-11-02 20:16:24,053 [main] DEBUG io.undertow - Configuring listener with protocol HTTP for interface 0.0.0.0 and port 3000 
2017-11-02 20:16:24,113 [main] INFO  org.projectodd.wunderboss.web.Web - Registered web context / 
2017-11-02 20:16:24,117 [main] INFO  luminus.repl-server - starting nREPL server on port 7000 
2017-11-02 20:16:24,139 [main] INFO  arcanium.core - #'arcanium.config/env started 
2017-11-02 20:16:24,140 [main] INFO  arcanium.core - #'arcanium.handler/init-app started 
2017-11-02 20:16:24,140 [main] INFO  arcanium.core - #'arcanium.core/http-server started 
2017-11-02 20:16:24,140 [main] INFO  arcanium.core - #'arcanium.core/repl-server started 
2017-11-02 20:17:35,578 [XNIO-1 task-13] DEBUG arcanium.routes.home - test 
2017-11-02 20:17:35,607 [XNIO-1 task-13] DEBUG arcanium.routes.home - {:ssl-client-cert nil, :cookies {JSESSIONID {:value w7amwwZXmerCy-9CKKuTCykej73xpGqVJ6R_2Zpl}}, :remote-addr 127.0.0.1, :params {:q test}, :flash nil, :handler-type :undertow, :route-handler #object[compojure.core$wrap_response$fn__2258 0x1546418e compojure.core$wrap_response$fn__2258@1546418e], :route-params {}, :headers {host localhost:3000, user-agent Mozilla/5.0 (X11; Ubuntu; Linux x86_64; rv:56.0) Gecko/20100101 Firefox/56.0, cookie JSESSIONID=w7amwwZXmerCy-9CKKuTCykej73xpGqVJ6R_2Zpl, referer http://localhost:3000/test, connection keep-alive, upgrade-insecure-requests 1, accept text/html,application/xhtml+xml,application/xml;q=0.9,*/*;q=0.8, accept-language en-US,fr;q=0.8,en;q=0.5,eo;q=0.3, accept-encoding gzip, deflate}, :server-port 3000, :muuntaja/request nil, :content-length -1, :form-params {}, :compojure/route [:get /search], :server-exchange #object[io.undertow.server.HttpServerExchange 0x1179c7fe HttpServerExchange{ GET /search request {Accept=[text/html,application/xhtml+xml,application/xml;q=0.9,*/*;q=0.8], Accept-Language=[en-US,fr;q=0.8,en;q=0.5,eo;q=0.3], Accept-Encoding=[gzip, deflate], User-Agent=[Mozilla/5.0 (X11; Ubuntu; Linux x86_64; rv:56.0) Gecko/20100101 Firefox/56.0], Connection=[keep-alive], Cookie=[JSESSIONID=w7amwwZXmerCy-9CKKuTCykej73xpGqVJ6R_2Zpl], Referer=[http://localhost:3000/test], Upgrade-Insecure-Requests=[1], Host=[localhost:3000]} response {Server=[undertow]}}], :query-params {q test}, :content-type nil, :path-info /search, :character-encoding ISO-8859-1, :context , :uri /search, :server-name localhost, :query-string q=test, :muuntaja/response #FormatAndCharset{:format application/json, :charset utf-8}, :body #object[io.undertow.io.UndertowInputStream 0x3afc76f3 io.undertow.io.UndertowInputStream@3afc76f3], :multipart-params {}, :scheme :http, :request-method :get, :route-middleware #object[clojure.core$comp$fn__4727 0x786a45be clojure.core$comp$fn__4727@786a45be], :session {:ring.middleware.anti-forgery/anti-forgery-token J2PyIz68VCL2rP8hPk2/TN+nKfNF7gnVw05lKHiS3JTYgKntdcamNHVwQQesDCCDBdryxP/fkUTvZZsz}} 
2017-11-02 20:22:04,040 [Thread-2] INFO  luminus.repl-server - nREPL server stopped 
2017-11-02 20:22:04,043 [Thread-2] DEBUG org.projectodd.wunderboss.WunderBoss - Returning existing component for org.projectodd.wunderboss.web.Web:-1645144552, ignoring options. 
2017-11-02 20:22:04,051 [Thread-2] DEBUG io.undertow - stopping undertow server io.undertow.Undertow@5aa2168f 
2017-11-02 20:22:04,064 [Thread-2] INFO  luminus.http-server - HTTP server stopped 
2017-11-02 20:22:04,069 [Thread-2] INFO  arcanium.env - 
-=[arcanium has shut down successfully]=- 
2017-11-02 20:22:04,070 [Thread-2] INFO  arcanium.core - #'arcanium.core/repl-server stopped 
2017-11-02 20:22:04,071 [Thread-2] INFO  arcanium.core - #'arcanium.core/http-server stopped 
2017-11-02 20:22:04,071 [Thread-2] INFO  arcanium.core - #'arcanium.handler/init-app stopped 
2017-11-02 20:25:01,032 [main] DEBUG org.jboss.logging - Logging Provider: org.jboss.logging.Slf4jLoggerProvider 
2017-11-02 20:25:01,807 [main] INFO  arcanium.env - 
-=[arcanium started successfully using the development profile]=- 
2017-11-02 20:25:01,978 [main] INFO  luminus.http-server - starting HTTP server on port 3000 
2017-11-02 20:25:02,051 [main] DEBUG io.undertow - starting undertow server io.undertow.Undertow@1cfde650 
2017-11-02 20:25:02,065 [main] INFO  org.xnio - XNIO version 3.3.6.Final 
2017-11-02 20:25:02,184 [main] DEBUG io.undertow - Configuring listener with protocol HTTP for interface 0.0.0.0 and port 3000 
2017-11-02 20:25:02,228 [main] INFO  org.projectodd.wunderboss.web.Web - Registered web context / 
2017-11-02 20:25:02,231 [main] INFO  luminus.repl-server - starting nREPL server on port 7000 
2017-11-02 20:25:02,251 [main] INFO  arcanium.core - #'arcanium.config/env started 
2017-11-02 20:25:02,252 [main] INFO  arcanium.core - #'arcanium.handler/init-app started 
2017-11-02 20:25:02,252 [main] INFO  arcanium.core - #'arcanium.core/http-server started 
2017-11-02 20:25:02,252 [main] INFO  arcanium.core - #'arcanium.core/repl-server started 
2017-11-02 20:25:15,871 [XNIO-1 task-3] DEBUG arcanium.routes.home - test 
2017-11-02 20:25:15,904 [XNIO-1 task-3] DEBUG arcanium.routes.home - {:ssl-client-cert nil, :cookies {JSESSIONID {:value w7amwwZXmerCy-9CKKuTCykej73xpGqVJ6R_2Zpl}}, :remote-addr 127.0.0.1, :params {:q !q}, :flash nil, :handler-type :undertow, :route-handler #object[compojure.core$wrap_response$fn__2258 0xed21321 compojure.core$wrap_response$fn__2258@ed21321], :route-params {}, :headers {host localhost:3000, user-agent Mozilla/5.0 (X11; Ubuntu; Linux x86_64; rv:56.0) Gecko/20100101 Firefox/56.0, cookie JSESSIONID=w7amwwZXmerCy-9CKKuTCykej73xpGqVJ6R_2Zpl, referer http://localhost:3000/test, connection keep-alive, upgrade-insecure-requests 1, accept text/html,application/xhtml+xml,application/xml;q=0.9,*/*;q=0.8, accept-language en-US,fr;q=0.8,en;q=0.5,eo;q=0.3, accept-encoding gzip, deflate}, :server-port 3000, :muuntaja/request nil, :content-length -1, :form-params {}, :compojure/route [:get /search], :server-exchange #object[io.undertow.server.HttpServerExchange 0xaed8623 HttpServerExchange{ GET /search request {Accept=[text/html,application/xhtml+xml,application/xml;q=0.9,*/*;q=0.8], Accept-Language=[en-US,fr;q=0.8,en;q=0.5,eo;q=0.3], Accept-Encoding=[gzip, deflate], User-Agent=[Mozilla/5.0 (X11; Ubuntu; Linux x86_64; rv:56.0) Gecko/20100101 Firefox/56.0], Connection=[keep-alive], Cookie=[JSESSIONID=w7amwwZXmerCy-9CKKuTCykej73xpGqVJ6R_2Zpl], Referer=[http://localhost:3000/test], Upgrade-Insecure-Requests=[1], Host=[localhost:3000]} response {Server=[undertow]}}], :query-params {q !q}, :content-type nil, :path-info /search, :character-encoding ISO-8859-1, :context , :uri /search, :server-name localhost, :query-string q=%21q, :muuntaja/response #FormatAndCharset{:format application/json, :charset utf-8}, :body #object[io.undertow.io.UndertowInputStream 0x18501b8c io.undertow.io.UndertowInputStream@18501b8c], :multipart-params {}, :scheme :http, :request-method :get, :route-middleware #object[clojure.core$comp$fn__4727 0x1bc0f5c2 clojure.core$comp$fn__4727@1bc0f5c2], :session {:ring.middleware.anti-forgery/anti-forgery-token vxWqxcn9/kxdIuqsECZUB5HtJj07PUEigwfJecHjsCD9ZFv3iK3Rxb7UVnsn/w6hwhgq7KIVnewgpnww}} 
2017-11-02 20:25:21,763 [XNIO-1 task-4] DEBUG arcanium.routes.home - test 
2017-11-02 20:25:21,766 [XNIO-1 task-4] DEBUG arcanium.routes.home - {:ssl-client-cert nil, :cookies {JSESSIONID {:value w7amwwZXmerCy-9CKKuTCykej73xpGqVJ6R_2Zpl}}, :remote-addr 127.0.0.1, :params {:q test}, :flash nil, :handler-type :undertow, :route-handler #object[compojure.core$wrap_response$fn__2258 0xed21321 compojure.core$wrap_response$fn__2258@ed21321], :route-params {}, :headers {host localhost:3000, user-agent Mozilla/5.0 (X11; Ubuntu; Linux x86_64; rv:56.0) Gecko/20100101 Firefox/56.0, cookie JSESSIONID=w7amwwZXmerCy-9CKKuTCykej73xpGqVJ6R_2Zpl, referer http://localhost:3000/test, connection keep-alive, upgrade-insecure-requests 1, accept text/html,application/xhtml+xml,application/xml;q=0.9,*/*;q=0.8, accept-language en-US,fr;q=0.8,en;q=0.5,eo;q=0.3, accept-encoding gzip, deflate}, :server-port 3000, :muuntaja/request nil, :content-length -1, :form-params {}, :compojure/route [:get /search], :server-exchange #object[io.undertow.server.HttpServerExchange 0x30b3b7eb HttpServerExchange{ GET /search request {Accept=[text/html,application/xhtml+xml,application/xml;q=0.9,*/*;q=0.8], Accept-Language=[en-US,fr;q=0.8,en;q=0.5,eo;q=0.3], Accept-Encoding=[gzip, deflate], User-Agent=[Mozilla/5.0 (X11; Ubuntu; Linux x86_64; rv:56.0) Gecko/20100101 Firefox/56.0], Connection=[keep-alive], Cookie=[JSESSIONID=w7amwwZXmerCy-9CKKuTCykej73xpGqVJ6R_2Zpl], Referer=[http://localhost:3000/test], Upgrade-Insecure-Requests=[1], Host=[localhost:3000]} response {Server=[undertow]}}], :query-params {q test}, :content-type nil, :path-info /search, :character-encoding ISO-8859-1, :context , :uri /search, :server-name localhost, :query-string q=test, :muuntaja/response #FormatAndCharset{:format application/json, :charset utf-8}, :body #object[io.undertow.io.UndertowInputStream 0x3e745f8d io.undertow.io.UndertowInputStream@3e745f8d], :multipart-params {}, :scheme :http, :request-method :get, :route-middleware #object[clojure.core$comp$fn__4727 0x3a4bdc9b clojure.core$comp$fn__4727@3a4bdc9b], :session {:ring.middleware.anti-forgery/anti-forgery-token vxWqxcn9/kxdIuqsECZUB5HtJj07PUEigwfJecHjsCD9ZFv3iK3Rxb7UVnsn/w6hwhgq7KIVnewgpnww}} 
2017-11-02 20:25:30,750 [Thread-2] INFO  luminus.repl-server - nREPL server stopped 
2017-11-02 20:25:30,752 [Thread-2] DEBUG org.projectodd.wunderboss.WunderBoss - Returning existing component for org.projectodd.wunderboss.web.Web:-1645144552, ignoring options. 
2017-11-02 20:25:30,756 [Thread-2] DEBUG io.undertow - stopping undertow server io.undertow.Undertow@1cfde650 
2017-11-02 20:25:30,762 [Thread-2] INFO  luminus.http-server - HTTP server stopped 
2017-11-02 20:25:30,766 [Thread-2] INFO  arcanium.env - 
-=[arcanium has shut down successfully]=- 
2017-11-02 20:25:30,767 [Thread-2] INFO  arcanium.core - #'arcanium.core/repl-server stopped 
2017-11-02 20:25:30,767 [Thread-2] INFO  arcanium.core - #'arcanium.core/http-server stopped 
2017-11-02 20:25:30,767 [Thread-2] INFO  arcanium.core - #'arcanium.handler/init-app stopped 
2017-11-02 20:31:51,705 [main] DEBUG org.jboss.logging - Logging Provider: org.jboss.logging.Slf4jLoggerProvider 
2017-11-02 20:31:52,470 [main] INFO  arcanium.env - 
-=[arcanium started successfully using the development profile]=- 
2017-11-02 20:31:52,683 [main] INFO  luminus.http-server - starting HTTP server on port 3000 
2017-11-02 20:31:52,764 [main] DEBUG io.undertow - starting undertow server io.undertow.Undertow@40fab20a 
2017-11-02 20:31:52,777 [main] INFO  org.xnio - XNIO version 3.3.6.Final 
2017-11-02 20:31:52,909 [main] DEBUG io.undertow - Configuring listener with protocol HTTP for interface 0.0.0.0 and port 3000 
2017-11-02 20:31:52,958 [main] INFO  org.projectodd.wunderboss.web.Web - Registered web context / 
2017-11-02 20:31:52,961 [main] INFO  luminus.repl-server - starting nREPL server on port 7000 
2017-11-02 20:31:52,983 [main] INFO  arcanium.core - #'arcanium.config/env started 
2017-11-02 20:31:52,984 [main] INFO  arcanium.core - #'arcanium.handler/init-app started 
2017-11-02 20:31:52,984 [main] INFO  arcanium.core - #'arcanium.core/http-server started 
2017-11-02 20:31:52,984 [main] INFO  arcanium.core - #'arcanium.core/repl-server started 
2017-11-02 20:32:25,486 [XNIO-1 task-5] DEBUG arcanium.routes.home - test 
2017-11-02 20:32:25,517 [XNIO-1 task-5] DEBUG arcanium.routes.home - {:ssl-client-cert nil, :cookies {JSESSIONID {:value w7amwwZXmerCy-9CKKuTCykej73xpGqVJ6R_2Zpl}}, :remote-addr 127.0.0.1, :params {:q test}, :flash nil, :handler-type :undertow, :route-handler #object[compojure.core$wrap_response$fn__2258 0x33eef0ce compojure.core$wrap_response$fn__2258@33eef0ce], :route-params {}, :headers {host localhost:3000, user-agent Mozilla/5.0 (X11; Ubuntu; Linux x86_64; rv:56.0) Gecko/20100101 Firefox/56.0, cookie JSESSIONID=w7amwwZXmerCy-9CKKuTCykej73xpGqVJ6R_2Zpl, referer http://localhost:3000/test, connection keep-alive, upgrade-insecure-requests 1, accept text/html,application/xhtml+xml,application/xml;q=0.9,*/*;q=0.8, accept-language en-US,fr;q=0.8,en;q=0.5,eo;q=0.3, accept-encoding gzip, deflate}, :server-port 3000, :muuntaja/request nil, :content-length -1, :form-params {}, :compojure/route [:get /search], :server-exchange #object[io.undertow.server.HttpServerExchange 0x37d1626b HttpServerExchange{ GET /search request {Accept=[text/html,application/xhtml+xml,application/xml;q=0.9,*/*;q=0.8], Accept-Language=[en-US,fr;q=0.8,en;q=0.5,eo;q=0.3], Accept-Encoding=[gzip, deflate], User-Agent=[Mozilla/5.0 (X11; Ubuntu; Linux x86_64; rv:56.0) Gecko/20100101 Firefox/56.0], Connection=[keep-alive], Cookie=[JSESSIONID=w7amwwZXmerCy-9CKKuTCykej73xpGqVJ6R_2Zpl], Referer=[http://localhost:3000/test], Upgrade-Insecure-Requests=[1], Host=[localhost:3000]} response {Server=[undertow]}}], :query-params {q test}, :content-type nil, :path-info /search, :character-encoding ISO-8859-1, :context , :uri /search, :server-name localhost, :query-string q=test, :muuntaja/response #FormatAndCharset{:format application/json, :charset utf-8}, :body #object[io.undertow.io.UndertowInputStream 0x7f955cef io.undertow.io.UndertowInputStream@7f955cef], :multipart-params {}, :scheme :http, :request-method :get, :route-middleware #object[clojure.core$comp$fn__4727 0x313633ff clojure.core$comp$fn__4727@313633ff], :session {:ring.middleware.anti-forgery/anti-forgery-token M5xcPXbm+8nIihmGtC9QJ3wIW0mpsThiHzHTrGyCaWzHrGcAYVWim8ryRQaVSll8xjZ0JH2PMn0F9HOg}} 
2017-11-02 20:32:30,174 [XNIO-1 task-6] DEBUG arcanium.routes.home - test 
2017-11-02 20:32:30,176 [XNIO-1 task-6] DEBUG arcanium.routes.home - {:ssl-client-cert nil, :cookies {JSESSIONID {:value w7amwwZXmerCy-9CKKuTCykej73xpGqVJ6R_2Zpl}}, :remote-addr 127.0.0.1, :params {:q !g}, :flash nil, :handler-type :undertow, :route-handler #object[compojure.core$wrap_response$fn__2258 0x33eef0ce compojure.core$wrap_response$fn__2258@33eef0ce], :route-params {}, :headers {host localhost:3000, user-agent Mozilla/5.0 (X11; Ubuntu; Linux x86_64; rv:56.0) Gecko/20100101 Firefox/56.0, cookie JSESSIONID=w7amwwZXmerCy-9CKKuTCykej73xpGqVJ6R_2Zpl, referer http://localhost:3000/test, connection keep-alive, upgrade-insecure-requests 1, accept text/html,application/xhtml+xml,application/xml;q=0.9,*/*;q=0.8, accept-language en-US,fr;q=0.8,en;q=0.5,eo;q=0.3, accept-encoding gzip, deflate}, :server-port 3000, :muuntaja/request nil, :content-length -1, :form-params {}, :compojure/route [:get /search], :server-exchange #object[io.undertow.server.HttpServerExchange 0x49def40b HttpServerExchange{ GET /search request {Accept=[text/html,application/xhtml+xml,application/xml;q=0.9,*/*;q=0.8], Accept-Language=[en-US,fr;q=0.8,en;q=0.5,eo;q=0.3], Accept-Encoding=[gzip, deflate], User-Agent=[Mozilla/5.0 (X11; Ubuntu; Linux x86_64; rv:56.0) Gecko/20100101 Firefox/56.0], Connection=[keep-alive], Cookie=[JSESSIONID=w7amwwZXmerCy-9CKKuTCykej73xpGqVJ6R_2Zpl], Referer=[http://localhost:3000/test], Upgrade-Insecure-Requests=[1], Host=[localhost:3000]} response {Server=[undertow]}}], :query-params {q !g}, :content-type nil, :path-info /search, :character-encoding ISO-8859-1, :context , :uri /search, :server-name localhost, :query-string q=%21g, :muuntaja/response #FormatAndCharset{:format application/json, :charset utf-8}, :body #object[io.undertow.io.UndertowInputStream 0x47191340 io.undertow.io.UndertowInputStream@47191340], :multipart-params {}, :scheme :http, :request-method :get, :route-middleware #object[clojure.core$comp$fn__4727 0x43269f7b clojure.core$comp$fn__4727@43269f7b], :session {:ring.middleware.anti-forgery/anti-forgery-token M5xcPXbm+8nIihmGtC9QJ3wIW0mpsThiHzHTrGyCaWzHrGcAYVWim8ryRQaVSll8xjZ0JH2PMn0F9HOg}} 
2017-11-02 20:32:35,728 [XNIO-1 task-7] DEBUG arcanium.routes.home - test 
2017-11-02 20:32:35,731 [XNIO-1 task-7] DEBUG arcanium.routes.home - {:ssl-client-cert nil, :cookies {JSESSIONID {:value w7amwwZXmerCy-9CKKuTCykej73xpGqVJ6R_2Zpl}}, :remote-addr 127.0.0.1, :params {:q !g test}, :flash nil, :handler-type :undertow, :route-handler #object[compojure.core$wrap_response$fn__2258 0x33eef0ce compojure.core$wrap_response$fn__2258@33eef0ce], :route-params {}, :headers {host localhost:3000, user-agent Mozilla/5.0 (X11; Ubuntu; Linux x86_64; rv:56.0) Gecko/20100101 Firefox/56.0, cookie JSESSIONID=w7amwwZXmerCy-9CKKuTCykej73xpGqVJ6R_2Zpl, referer http://localhost:3000/test, connection keep-alive, upgrade-insecure-requests 1, accept text/html,application/xhtml+xml,application/xml;q=0.9,*/*;q=0.8, accept-language en-US,fr;q=0.8,en;q=0.5,eo;q=0.3, accept-encoding gzip, deflate}, :server-port 3000, :muuntaja/request nil, :content-length -1, :form-params {}, :compojure/route [:get /search], :server-exchange #object[io.undertow.server.HttpServerExchange 0x53fd3b06 HttpServerExchange{ GET /search request {Accept=[text/html,application/xhtml+xml,application/xml;q=0.9,*/*;q=0.8], Accept-Language=[en-US,fr;q=0.8,en;q=0.5,eo;q=0.3], Accept-Encoding=[gzip, deflate], User-Agent=[Mozilla/5.0 (X11; Ubuntu; Linux x86_64; rv:56.0) Gecko/20100101 Firefox/56.0], Connection=[keep-alive], Cookie=[JSESSIONID=w7amwwZXmerCy-9CKKuTCykej73xpGqVJ6R_2Zpl], Referer=[http://localhost:3000/test], Upgrade-Insecure-Requests=[1], Host=[localhost:3000]} response {Server=[undertow]}}], :query-params {q !g test}, :content-type nil, :path-info /search, :character-encoding ISO-8859-1, :context , :uri /search, :server-name localhost, :query-string q=%21g+test, :muuntaja/response #FormatAndCharset{:format application/json, :charset utf-8}, :body #object[io.undertow.io.UndertowInputStream 0x5d3adf09 io.undertow.io.UndertowInputStream@5d3adf09], :multipart-params {}, :scheme :http, :request-method :get, :route-middleware #object[clojure.core$comp$fn__4727 0x59055076 clojure.core$comp$fn__4727@59055076], :session {:ring.middleware.anti-forgery/anti-forgery-token M5xcPXbm+8nIihmGtC9QJ3wIW0mpsThiHzHTrGyCaWzHrGcAYVWim8ryRQaVSll8xjZ0JH2PMn0F9HOg}} 
2017-11-02 20:32:45,249 [XNIO-1 task-8] DEBUG arcanium.routes.home - test 
2017-11-02 20:32:45,252 [XNIO-1 task-8] DEBUG arcanium.routes.home - {:ssl-client-cert nil, :cookies {JSESSIONID {:value w7amwwZXmerCy-9CKKuTCykej73xpGqVJ6R_2Zpl}}, :remote-addr 127.0.0.1, :params {:q !g test !g e}, :flash nil, :handler-type :undertow, :route-handler #object[compojure.core$wrap_response$fn__2258 0x33eef0ce compojure.core$wrap_response$fn__2258@33eef0ce], :route-params {}, :headers {host localhost:3000, user-agent Mozilla/5.0 (X11; Ubuntu; Linux x86_64; rv:56.0) Gecko/20100101 Firefox/56.0, cookie JSESSIONID=w7amwwZXmerCy-9CKKuTCykej73xpGqVJ6R_2Zpl, referer http://localhost:3000/test, connection keep-alive, upgrade-insecure-requests 1, accept text/html,application/xhtml+xml,application/xml;q=0.9,*/*;q=0.8, accept-language en-US,fr;q=0.8,en;q=0.5,eo;q=0.3, accept-encoding gzip, deflate}, :server-port 3000, :muuntaja/request nil, :content-length -1, :form-params {}, :compojure/route [:get /search], :server-exchange #object[io.undertow.server.HttpServerExchange 0x1e38e1b3 HttpServerExchange{ GET /search request {Accept=[text/html,application/xhtml+xml,application/xml;q=0.9,*/*;q=0.8], Accept-Language=[en-US,fr;q=0.8,en;q=0.5,eo;q=0.3], Accept-Encoding=[gzip, deflate], User-Agent=[Mozilla/5.0 (X11; Ubuntu; Linux x86_64; rv:56.0) Gecko/20100101 Firefox/56.0], Connection=[keep-alive], Cookie=[JSESSIONID=w7amwwZXmerCy-9CKKuTCykej73xpGqVJ6R_2Zpl], Referer=[http://localhost:3000/test], Upgrade-Insecure-Requests=[1], Host=[localhost:3000]} response {Server=[undertow]}}], :query-params {q !g test !g e}, :content-type nil, :path-info /search, :character-encoding ISO-8859-1, :context , :uri /search, :server-name localhost, :query-string q=%21g+test+%21g+e, :muuntaja/response #FormatAndCharset{:format application/json, :charset utf-8}, :body #object[io.undertow.io.UndertowInputStream 0x10ff1c04 io.undertow.io.UndertowInputStream@10ff1c04], :multipart-params {}, :scheme :http, :request-method :get, :route-middleware #object[clojure.core$comp$fn__4727 0x14c08ac3 clojure.core$comp$fn__4727@14c08ac3], :session {:ring.middleware.anti-forgery/anti-forgery-token M5xcPXbm+8nIihmGtC9QJ3wIW0mpsThiHzHTrGyCaWzHrGcAYVWim8ryRQaVSll8xjZ0JH2PMn0F9HOg}} 
2017-11-02 20:32:47,693 [Thread-2] INFO  luminus.repl-server - nREPL server stopped 
2017-11-02 20:32:47,694 [Thread-2] DEBUG org.projectodd.wunderboss.WunderBoss - Returning existing component for org.projectodd.wunderboss.web.Web:-1645144552, ignoring options. 
2017-11-02 20:32:47,697 [Thread-2] DEBUG io.undertow - stopping undertow server io.undertow.Undertow@40fab20a 
2017-11-02 20:32:47,706 [Thread-2] INFO  luminus.http-server - HTTP server stopped 
2017-11-02 20:32:47,709 [Thread-2] INFO  arcanium.env - 
-=[arcanium has shut down successfully]=- 
2017-11-02 20:32:47,712 [Thread-2] INFO  arcanium.core - #'arcanium.core/repl-server stopped 
2017-11-02 20:32:47,712 [Thread-2] INFO  arcanium.core - #'arcanium.core/http-server stopped 
2017-11-02 20:32:47,713 [Thread-2] INFO  arcanium.core - #'arcanium.handler/init-app stopped 
2017-11-02 20:33:22,897 [main] DEBUG org.jboss.logging - Logging Provider: org.jboss.logging.Slf4jLoggerProvider 
2017-11-02 20:33:23,630 [main] INFO  arcanium.env - 
-=[arcanium started successfully using the development profile]=- 
2017-11-02 20:33:23,830 [main] INFO  luminus.http-server - starting HTTP server on port 3000 
2017-11-02 20:33:23,905 [main] DEBUG io.undertow - starting undertow server io.undertow.Undertow@40fab20a 
2017-11-02 20:33:23,916 [main] INFO  org.xnio - XNIO version 3.3.6.Final 
2017-11-02 20:33:24,020 [main] DEBUG io.undertow - Configuring listener with protocol HTTP for interface 0.0.0.0 and port 3000 
2017-11-02 20:33:24,069 [main] INFO  org.projectodd.wunderboss.web.Web - Registered web context / 
2017-11-02 20:33:24,072 [main] INFO  luminus.repl-server - starting nREPL server on port 7000 
2017-11-02 20:33:24,091 [main] INFO  arcanium.core - #'arcanium.config/env started 
2017-11-02 20:33:24,092 [main] INFO  arcanium.core - #'arcanium.handler/init-app started 
2017-11-02 20:33:24,092 [main] INFO  arcanium.core - #'arcanium.core/http-server started 
2017-11-02 20:33:24,092 [main] INFO  arcanium.core - #'arcanium.core/repl-server started 
2017-11-02 20:33:42,910 [XNIO-1 task-1] DEBUG arcanium.routes.home - test 
2017-11-02 20:33:42,948 [XNIO-1 task-1] DEBUG arcanium.routes.home - {:ssl-client-cert nil, :cookies {JSESSIONID {:value w7amwwZXmerCy-9CKKuTCykej73xpGqVJ6R_2Zpl}}, :remote-addr 127.0.0.1, :params {:q !g test !g e}, :flash nil, :handler-type :undertow, :route-handler #object[compojure.core$wrap_response$fn__2258 0x55b4b774 compojure.core$wrap_response$fn__2258@55b4b774], :route-params {}, :headers {host localhost:3000, user-agent Mozilla/5.0 (X11; Ubuntu; Linux x86_64; rv:56.0) Gecko/20100101 Firefox/56.0, cookie JSESSIONID=w7amwwZXmerCy-9CKKuTCykej73xpGqVJ6R_2Zpl, referer http://localhost:3000/test, connection keep-alive, upgrade-insecure-requests 1, accept text/html,application/xhtml+xml,application/xml;q=0.9,*/*;q=0.8, accept-language en-US,fr;q=0.8,en;q=0.5,eo;q=0.3, accept-encoding gzip, deflate}, :server-port 3000, :muuntaja/request nil, :content-length -1, :form-params {}, :compojure/route [:get /search], :server-exchange #object[io.undertow.server.HttpServerExchange 0x11c7a7b4 HttpServerExchange{ GET /search request {Accept=[text/html,application/xhtml+xml,application/xml;q=0.9,*/*;q=0.8], Accept-Language=[en-US,fr;q=0.8,en;q=0.5,eo;q=0.3], Accept-Encoding=[gzip, deflate], User-Agent=[Mozilla/5.0 (X11; Ubuntu; Linux x86_64; rv:56.0) Gecko/20100101 Firefox/56.0], Connection=[keep-alive], Cookie=[JSESSIONID=w7amwwZXmerCy-9CKKuTCykej73xpGqVJ6R_2Zpl], Referer=[http://localhost:3000/test], Upgrade-Insecure-Requests=[1], Host=[localhost:3000]} response {Server=[undertow]}}], :query-params {q !g test !g e}, :content-type nil, :path-info /search, :character-encoding ISO-8859-1, :context , :uri /search, :server-name localhost, :query-string q=%21g+test+%21g+e, :muuntaja/response #FormatAndCharset{:format application/json, :charset utf-8}, :body #object[io.undertow.io.UndertowInputStream 0xf2ef454 io.undertow.io.UndertowInputStream@f2ef454], :multipart-params {}, :scheme :http, :request-method :get, :route-middleware #object[clojure.core$comp$fn__4727 0x4b56bd4f clojure.core$comp$fn__4727@4b56bd4f], :session nil} 
2017-11-02 20:33:47,883 [XNIO-1 task-2] DEBUG arcanium.routes.home - test 
2017-11-02 20:33:47,891 [XNIO-1 task-2] DEBUG arcanium.routes.home - {:ssl-client-cert nil, :cookies {JSESSIONID {:value w7amwwZXmerCy-9CKKuTCykej73xpGqVJ6R_2Zpl}}, :remote-addr 127.0.0.1, :params {:q !g}, :flash nil, :handler-type :undertow, :route-handler #object[compojure.core$wrap_response$fn__2258 0x55b4b774 compojure.core$wrap_response$fn__2258@55b4b774], :route-params {}, :headers {host localhost:3000, user-agent Mozilla/5.0 (X11; Ubuntu; Linux x86_64; rv:56.0) Gecko/20100101 Firefox/56.0, cookie JSESSIONID=w7amwwZXmerCy-9CKKuTCykej73xpGqVJ6R_2Zpl, referer http://localhost:3000/test, connection keep-alive, upgrade-insecure-requests 1, accept text/html,application/xhtml+xml,application/xml;q=0.9,*/*;q=0.8, accept-language en-US,fr;q=0.8,en;q=0.5,eo;q=0.3, accept-encoding gzip, deflate}, :server-port 3000, :muuntaja/request nil, :content-length -1, :form-params {}, :compojure/route [:get /search], :server-exchange #object[io.undertow.server.HttpServerExchange 0x31ec03a9 HttpServerExchange{ GET /search request {Accept=[text/html,application/xhtml+xml,application/xml;q=0.9,*/*;q=0.8], Accept-Language=[en-US,fr;q=0.8,en;q=0.5,eo;q=0.3], Accept-Encoding=[gzip, deflate], User-Agent=[Mozilla/5.0 (X11; Ubuntu; Linux x86_64; rv:56.0) Gecko/20100101 Firefox/56.0], Connection=[keep-alive], Cookie=[JSESSIONID=w7amwwZXmerCy-9CKKuTCykej73xpGqVJ6R_2Zpl], Referer=[http://localhost:3000/test], Upgrade-Insecure-Requests=[1], Host=[localhost:3000]} response {Server=[undertow]}}], :query-params {q !g}, :content-type nil, :path-info /search, :character-encoding ISO-8859-1, :context , :uri /search, :server-name localhost, :query-string q=%21g, :muuntaja/response #FormatAndCharset{:format application/json, :charset utf-8}, :body #object[io.undertow.io.UndertowInputStream 0x3f2bebe4 io.undertow.io.UndertowInputStream@3f2bebe4], :multipart-params {}, :scheme :http, :request-method :get, :route-middleware #object[clojure.core$comp$fn__4727 0x3b1468d9 clojure.core$comp$fn__4727@3b1468d9], :session {:ring.middleware.anti-forgery/anti-forgery-token 8AJ/i4liSyT3O89f+Vq/xcEETaWK5JSXZM+mRb5Lwj187aE6DlQelhI/XLWNUSP4zHesZmSaBUGdib72}} 
2017-11-02 20:42:15,926 [Thread-2] INFO  luminus.repl-server - nREPL server stopped 
2017-11-02 20:42:15,929 [Thread-2] DEBUG org.projectodd.wunderboss.WunderBoss - Returning existing component for org.projectodd.wunderboss.web.Web:-1645144552, ignoring options. 
2017-11-02 20:42:15,934 [Thread-2] DEBUG io.undertow - stopping undertow server io.undertow.Undertow@40fab20a 
2017-11-02 20:42:15,944 [Thread-2] INFO  luminus.http-server - HTTP server stopped 
2017-11-02 20:42:15,946 [Thread-2] INFO  arcanium.env - 
-=[arcanium has shut down successfully]=- 
2017-11-02 20:42:15,947 [Thread-2] INFO  arcanium.core - #'arcanium.core/repl-server stopped 
2017-11-02 20:42:15,947 [Thread-2] INFO  arcanium.core - #'arcanium.core/http-server stopped 
2017-11-02 20:42:15,947 [Thread-2] INFO  arcanium.core - #'arcanium.handler/init-app stopped 
2017-11-02 20:44:30,573 [main] DEBUG org.jboss.logging - Logging Provider: org.jboss.logging.Slf4jLoggerProvider 
2017-11-02 20:44:31,287 [main] INFO  arcanium.env - 
-=[arcanium started successfully using the development profile]=- 
2017-11-02 20:44:31,463 [main] INFO  luminus.http-server - starting HTTP server on port 3000 
2017-11-02 20:44:31,544 [main] DEBUG io.undertow - starting undertow server io.undertow.Undertow@4a8d6ad4 
2017-11-02 20:44:31,560 [main] INFO  org.xnio - XNIO version 3.3.6.Final 
2017-11-02 20:44:31,682 [main] DEBUG io.undertow - Configuring listener with protocol HTTP for interface 0.0.0.0 and port 3000 
2017-11-02 20:44:31,731 [main] INFO  org.projectodd.wunderboss.web.Web - Registered web context / 
2017-11-02 20:44:31,734 [main] INFO  luminus.repl-server - starting nREPL server on port 7000 
2017-11-02 20:44:31,758 [main] INFO  arcanium.core - #'arcanium.config/env started 
2017-11-02 20:44:31,759 [main] INFO  arcanium.core - #'arcanium.handler/init-app started 
2017-11-02 20:44:31,759 [main] INFO  arcanium.core - #'arcanium.core/http-server started 
2017-11-02 20:44:31,759 [main] INFO  arcanium.core - #'arcanium.core/repl-server started 
2017-11-02 20:45:00,450 [XNIO-1 task-5] DEBUG arcanium.routes.home - test 
2017-11-02 20:45:00,493 [XNIO-1 task-5] DEBUG arcanium.routes.home - {:ssl-client-cert nil, :cookies {JSESSIONID {:value w7amwwZXmerCy-9CKKuTCykej73xpGqVJ6R_2Zpl}}, :remote-addr 127.0.0.1, :params {:q !g}, :flash nil, :handler-type :undertow, :route-handler #object[compojure.core$wrap_response$fn__2258 0x5464d411 compojure.core$wrap_response$fn__2258@5464d411], :route-params {}, :headers {host localhost:3000, user-agent Mozilla/5.0 (X11; Ubuntu; Linux x86_64; rv:56.0) Gecko/20100101 Firefox/56.0, cookie JSESSIONID=w7amwwZXmerCy-9CKKuTCykej73xpGqVJ6R_2Zpl, referer http://localhost:3000/test, connection keep-alive, upgrade-insecure-requests 1, accept text/html,application/xhtml+xml,application/xml;q=0.9,*/*;q=0.8, accept-language en-US,fr;q=0.8,en;q=0.5,eo;q=0.3, accept-encoding gzip, deflate}, :server-port 3000, :muuntaja/request nil, :content-length -1, :form-params {}, :compojure/route [:get /search], :server-exchange #object[io.undertow.server.HttpServerExchange 0x505b4a45 HttpServerExchange{ GET /search request {Accept=[text/html,application/xhtml+xml,application/xml;q=0.9,*/*;q=0.8], Accept-Language=[en-US,fr;q=0.8,en;q=0.5,eo;q=0.3], Accept-Encoding=[gzip, deflate], User-Agent=[Mozilla/5.0 (X11; Ubuntu; Linux x86_64; rv:56.0) Gecko/20100101 Firefox/56.0], Connection=[keep-alive], Cookie=[JSESSIONID=w7amwwZXmerCy-9CKKuTCykej73xpGqVJ6R_2Zpl], Referer=[http://localhost:3000/test], Upgrade-Insecure-Requests=[1], Host=[localhost:3000]} response {Server=[undertow]}}], :query-params {q !g}, :content-type nil, :path-info /search, :character-encoding ISO-8859-1, :context , :uri /search, :server-name localhost, :query-string q=%21g, :muuntaja/response #FormatAndCharset{:format application/json, :charset utf-8}, :body #object[io.undertow.io.UndertowInputStream 0x2e850211 io.undertow.io.UndertowInputStream@2e850211], :multipart-params {}, :scheme :http, :request-method :get, :route-middleware #object[clojure.core$comp$fn__4727 0x33125397 clojure.core$comp$fn__4727@33125397], :session {:ring.middleware.anti-forgery/anti-forgery-token QYgITVdrYG8ZPAYVgtObljc7XMzQ5PoHqqhkyL1zB8dL0+2bfvTHVy396Z2znycsA+14ugPrSV4cx2rQ}} 
2017-11-02 20:45:06,513 [XNIO-1 task-6] DEBUG arcanium.routes.home - test 
2017-11-02 20:45:06,516 [XNIO-1 task-6] DEBUG arcanium.routes.home - {:ssl-client-cert nil, :cookies {JSESSIONID {:value w7amwwZXmerCy-9CKKuTCykej73xpGqVJ6R_2Zpl}}, :remote-addr 127.0.0.1, :params {:q test}, :flash nil, :handler-type :undertow, :route-handler #object[compojure.core$wrap_response$fn__2258 0x5464d411 compojure.core$wrap_response$fn__2258@5464d411], :route-params {}, :headers {host localhost:3000, user-agent Mozilla/5.0 (X11; Ubuntu; Linux x86_64; rv:56.0) Gecko/20100101 Firefox/56.0, cookie JSESSIONID=w7amwwZXmerCy-9CKKuTCykej73xpGqVJ6R_2Zpl, referer http://localhost:3000/test, connection keep-alive, upgrade-insecure-requests 1, accept text/html,application/xhtml+xml,application/xml;q=0.9,*/*;q=0.8, accept-language en-US,fr;q=0.8,en;q=0.5,eo;q=0.3, accept-encoding gzip, deflate}, :server-port 3000, :muuntaja/request nil, :content-length -1, :form-params {}, :compojure/route [:get /search], :server-exchange #object[io.undertow.server.HttpServerExchange 0x49def40b HttpServerExchange{ GET /search request {Accept=[text/html,application/xhtml+xml,application/xml;q=0.9,*/*;q=0.8], Accept-Language=[en-US,fr;q=0.8,en;q=0.5,eo;q=0.3], Accept-Encoding=[gzip, deflate], User-Agent=[Mozilla/5.0 (X11; Ubuntu; Linux x86_64; rv:56.0) Gecko/20100101 Firefox/56.0], Connection=[keep-alive], Cookie=[JSESSIONID=w7amwwZXmerCy-9CKKuTCykej73xpGqVJ6R_2Zpl], Referer=[http://localhost:3000/test], Upgrade-Insecure-Requests=[1], Host=[localhost:3000]} response {Server=[undertow]}}], :query-params {q test}, :content-type nil, :path-info /search, :character-encoding ISO-8859-1, :context , :uri /search, :server-name localhost, :query-string q=test, :muuntaja/response #FormatAndCharset{:format application/json, :charset utf-8}, :body #object[io.undertow.io.UndertowInputStream 0x47191340 io.undertow.io.UndertowInputStream@47191340], :multipart-params {}, :scheme :http, :request-method :get, :route-middleware #object[clojure.core$comp$fn__4727 0x43269f7b clojure.core$comp$fn__4727@43269f7b], :session {:ring.middleware.anti-forgery/anti-forgery-token QYgITVdrYG8ZPAYVgtObljc7XMzQ5PoHqqhkyL1zB8dL0+2bfvTHVy396Z2znycsA+14ugPrSV4cx2rQ}} 
2017-11-02 20:45:11,194 [XNIO-1 task-7] DEBUG arcanium.routes.home - test 
2017-11-02 20:45:11,197 [XNIO-1 task-7] DEBUG arcanium.routes.home - {:ssl-client-cert nil, :cookies {JSESSIONID {:value w7amwwZXmerCy-9CKKuTCykej73xpGqVJ6R_2Zpl}}, :remote-addr 127.0.0.1, :params {:q test !g}, :flash nil, :handler-type :undertow, :route-handler #object[compojure.core$wrap_response$fn__2258 0x5464d411 compojure.core$wrap_response$fn__2258@5464d411], :route-params {}, :headers {host localhost:3000, user-agent Mozilla/5.0 (X11; Ubuntu; Linux x86_64; rv:56.0) Gecko/20100101 Firefox/56.0, cookie JSESSIONID=w7amwwZXmerCy-9CKKuTCykej73xpGqVJ6R_2Zpl, referer http://localhost:3000/test, connection keep-alive, upgrade-insecure-requests 1, accept text/html,application/xhtml+xml,application/xml;q=0.9,*/*;q=0.8, accept-language en-US,fr;q=0.8,en;q=0.5,eo;q=0.3, accept-encoding gzip, deflate}, :server-port 3000, :muuntaja/request nil, :content-length -1, :form-params {}, :compojure/route [:get /search], :server-exchange #object[io.undertow.server.HttpServerExchange 0x506b805e HttpServerExchange{ GET /search request {Accept=[text/html,application/xhtml+xml,application/xml;q=0.9,*/*;q=0.8], Accept-Language=[en-US,fr;q=0.8,en;q=0.5,eo;q=0.3], Accept-Encoding=[gzip, deflate], User-Agent=[Mozilla/5.0 (X11; Ubuntu; Linux x86_64; rv:56.0) Gecko/20100101 Firefox/56.0], Connection=[keep-alive], Cookie=[JSESSIONID=w7amwwZXmerCy-9CKKuTCykej73xpGqVJ6R_2Zpl], Referer=[http://localhost:3000/test], Upgrade-Insecure-Requests=[1], Host=[localhost:3000]} response {Server=[undertow]}}], :query-params {q test !g}, :content-type nil, :path-info /search, :character-encoding ISO-8859-1, :context , :uri /search, :server-name localhost, :query-string q=test+%21g, :muuntaja/response #FormatAndCharset{:format application/json, :charset utf-8}, :body #object[io.undertow.io.UndertowInputStream 0x5eac6423 io.undertow.io.UndertowInputStream@5eac6423], :multipart-params {}, :scheme :http, :request-method :get, :route-middleware #object[clojure.core$comp$fn__4727 0x5a93eb2e clojure.core$comp$fn__4727@5a93eb2e], :session {:ring.middleware.anti-forgery/anti-forgery-token QYgITVdrYG8ZPAYVgtObljc7XMzQ5PoHqqhkyL1zB8dL0+2bfvTHVy396Z2znycsA+14ugPrSV4cx2rQ}} 
2017-11-02 20:45:22,521 [Thread-2] INFO  luminus.repl-server - nREPL server stopped 
2017-11-02 20:45:22,524 [Thread-2] DEBUG org.projectodd.wunderboss.WunderBoss - Returning existing component for org.projectodd.wunderboss.web.Web:-1645144552, ignoring options. 
2017-11-02 20:45:22,528 [Thread-2] DEBUG io.undertow - stopping undertow server io.undertow.Undertow@4a8d6ad4 
2017-11-02 20:45:22,537 [Thread-2] INFO  luminus.http-server - HTTP server stopped 
2017-11-02 20:45:22,539 [Thread-2] INFO  arcanium.env - 
-=[arcanium has shut down successfully]=- 
2017-11-02 20:45:22,540 [Thread-2] INFO  arcanium.core - #'arcanium.core/repl-server stopped 
2017-11-02 20:45:22,541 [Thread-2] INFO  arcanium.core - #'arcanium.core/http-server stopped 
2017-11-02 20:45:22,541 [Thread-2] INFO  arcanium.core - #'arcanium.handler/init-app stopped 
2017-11-02 20:54:44,747 [main] DEBUG org.jboss.logging - Logging Provider: org.jboss.logging.Slf4jLoggerProvider 
2017-11-02 20:54:45,506 [main] INFO  arcanium.env - 
-=[arcanium started successfully using the development profile]=- 
2017-11-02 20:54:45,718 [main] INFO  luminus.http-server - starting HTTP server on port 3000 
2017-11-02 20:54:45,796 [main] DEBUG io.undertow - starting undertow server io.undertow.Undertow@47b8f783 
2017-11-02 20:54:45,811 [main] INFO  org.xnio - XNIO version 3.3.6.Final 
2017-11-02 20:54:45,940 [main] DEBUG io.undertow - Configuring listener with protocol HTTP for interface 0.0.0.0 and port 3000 
2017-11-02 20:54:45,996 [main] INFO  org.projectodd.wunderboss.web.Web - Registered web context / 
2017-11-02 20:54:45,999 [main] INFO  luminus.repl-server - starting nREPL server on port 7000 
2017-11-02 20:54:46,019 [main] INFO  arcanium.core - #'arcanium.config/env started 
2017-11-02 20:54:46,020 [main] INFO  arcanium.core - #'arcanium.handler/init-app started 
2017-11-02 20:54:46,020 [main] INFO  arcanium.core - #'arcanium.core/http-server started 
2017-11-02 20:54:46,020 [main] INFO  arcanium.core - #'arcanium.core/repl-server started 
2017-11-02 20:55:08,517 [XNIO-1 task-3] DEBUG arcanium.routes.home - test 
2017-11-02 20:55:08,555 [XNIO-1 task-3] DEBUG arcanium.routes.home - {:ssl-client-cert nil, :cookies {JSESSIONID {:value w7amwwZXmerCy-9CKKuTCykej73xpGqVJ6R_2Zpl}}, :remote-addr 127.0.0.1, :params {:q }, :flash nil, :handler-type :undertow, :route-handler #object[compojure.core$wrap_response$fn__2258 0x2a97beb compojure.core$wrap_response$fn__2258@2a97beb], :route-params {}, :headers {host localhost:3000, user-agent Mozilla/5.0 (X11; Ubuntu; Linux x86_64; rv:56.0) Gecko/20100101 Firefox/56.0, cookie JSESSIONID=w7amwwZXmerCy-9CKKuTCykej73xpGqVJ6R_2Zpl, referer http://localhost:3000/test, connection keep-alive, upgrade-insecure-requests 1, accept text/html,application/xhtml+xml,application/xml;q=0.9,*/*;q=0.8, accept-language en-US,fr;q=0.8,en;q=0.5,eo;q=0.3, accept-encoding gzip, deflate}, :server-port 3000, :muuntaja/request nil, :content-length -1, :form-params {}, :compojure/route [:get /search], :server-exchange #object[io.undertow.server.HttpServerExchange 0x696ef66 HttpServerExchange{ GET /search request {Accept=[text/html,application/xhtml+xml,application/xml;q=0.9,*/*;q=0.8], Accept-Language=[en-US,fr;q=0.8,en;q=0.5,eo;q=0.3], Accept-Encoding=[gzip, deflate], User-Agent=[Mozilla/5.0 (X11; Ubuntu; Linux x86_64; rv:56.0) Gecko/20100101 Firefox/56.0], Connection=[keep-alive], Cookie=[JSESSIONID=w7amwwZXmerCy-9CKKuTCykej73xpGqVJ6R_2Zpl], Referer=[http://localhost:3000/test], Upgrade-Insecure-Requests=[1], Host=[localhost:3000]} response {Server=[undertow]}}], :query-params {q }, :content-type nil, :path-info /search, :character-encoding ISO-8859-1, :context , :uri /search, :server-name localhost, :query-string q=, :muuntaja/response #FormatAndCharset{:format application/json, :charset utf-8}, :body #object[io.undertow.io.UndertowInputStream 0x43c16dc6 io.undertow.io.UndertowInputStream@43c16dc6], :multipart-params {}, :scheme :http, :request-method :get, :route-middleware #object[clojure.core$comp$fn__4727 0x102293f3 clojure.core$comp$fn__4727@102293f3], :session {:ring.middleware.anti-forgery/anti-forgery-token mRos7IzxKpo7U9My4iPNwJYldJTWdxc7Qm2PZw33q37c/pCYK+ZyIN7UGVGXHeaaWfqQTvCMkvnd7ee9}} 
2017-11-02 20:55:15,933 [XNIO-1 task-4] DEBUG arcanium.routes.home - test 
2017-11-02 20:55:15,935 [XNIO-1 task-4] DEBUG arcanium.routes.home - {:ssl-client-cert nil, :cookies {JSESSIONID {:value w7amwwZXmerCy-9CKKuTCykej73xpGqVJ6R_2Zpl}}, :remote-addr 127.0.0.1, :params {:q !g}, :flash nil, :handler-type :undertow, :route-handler #object[compojure.core$wrap_response$fn__2258 0x2a97beb compojure.core$wrap_response$fn__2258@2a97beb], :route-params {}, :headers {host localhost:3000, user-agent Mozilla/5.0 (X11; Ubuntu; Linux x86_64; rv:56.0) Gecko/20100101 Firefox/56.0, cookie JSESSIONID=w7amwwZXmerCy-9CKKuTCykej73xpGqVJ6R_2Zpl, referer http://localhost:3000/test, connection keep-alive, upgrade-insecure-requests 1, accept text/html,application/xhtml+xml,application/xml;q=0.9,*/*;q=0.8, accept-language en-US,fr;q=0.8,en;q=0.5,eo;q=0.3, accept-encoding gzip, deflate}, :server-port 3000, :muuntaja/request nil, :content-length -1, :form-params {}, :compojure/route [:get /search], :server-exchange #object[io.undertow.server.HttpServerExchange 0x40ba910a HttpServerExchange{ GET /search request {Accept=[text/html,application/xhtml+xml,application/xml;q=0.9,*/*;q=0.8], Accept-Language=[en-US,fr;q=0.8,en;q=0.5,eo;q=0.3], Accept-Encoding=[gzip, deflate], User-Agent=[Mozilla/5.0 (X11; Ubuntu; Linux x86_64; rv:56.0) Gecko/20100101 Firefox/56.0], Connection=[keep-alive], Cookie=[JSESSIONID=w7amwwZXmerCy-9CKKuTCykej73xpGqVJ6R_2Zpl], Referer=[http://localhost:3000/test], Upgrade-Insecure-Requests=[1], Host=[localhost:3000]} response {Server=[undertow]}}], :query-params {q !g}, :content-type nil, :path-info /search, :character-encoding ISO-8859-1, :context , :uri /search, :server-name localhost, :query-string q=%21g, :muuntaja/response #FormatAndCharset{:format application/json, :charset utf-8}, :body #object[io.undertow.io.UndertowInputStream 0x4e7d776d io.undertow.io.UndertowInputStream@4e7d776d], :multipart-params {}, :scheme :http, :request-method :get, :route-middleware #object[clojure.core$comp$fn__4727 0x4a42fa7a clojure.core$comp$fn__4727@4a42fa7a], :session {:ring.middleware.anti-forgery/anti-forgery-token mRos7IzxKpo7U9My4iPNwJYldJTWdxc7Qm2PZw33q37c/pCYK+ZyIN7UGVGXHeaaWfqQTvCMkvnd7ee9}} 
2017-11-02 20:55:22,781 [Thread-2] INFO  luminus.repl-server - nREPL server stopped 
2017-11-02 20:55:22,783 [Thread-2] DEBUG org.projectodd.wunderboss.WunderBoss - Returning existing component for org.projectodd.wunderboss.web.Web:-1645144552, ignoring options. 
2017-11-02 20:55:22,789 [Thread-2] DEBUG io.undertow - stopping undertow server io.undertow.Undertow@47b8f783 
2017-11-02 20:55:22,801 [Thread-2] INFO  luminus.http-server - HTTP server stopped 
2017-11-02 20:55:22,804 [Thread-2] INFO  arcanium.env - 
-=[arcanium has shut down successfully]=- 
2017-11-02 20:55:22,806 [Thread-2] INFO  arcanium.core - #'arcanium.core/repl-server stopped 
2017-11-02 20:55:22,807 [Thread-2] INFO  arcanium.core - #'arcanium.core/http-server stopped 
2017-11-02 20:55:22,807 [Thread-2] INFO  arcanium.core - #'arcanium.handler/init-app stopped 
2017-11-02 21:02:02,060 [main] DEBUG org.jboss.logging - Logging Provider: org.jboss.logging.Slf4jLoggerProvider 
2017-11-02 21:02:02,893 [main] INFO  arcanium.env - 
-=[arcanium started successfully using the development profile]=- 
2017-11-02 21:02:03,103 [main] INFO  luminus.http-server - starting HTTP server on port 3000 
2017-11-02 21:02:03,167 [main] DEBUG io.undertow - starting undertow server io.undertow.Undertow@48b3ce9b 
2017-11-02 21:02:03,179 [main] INFO  org.xnio - XNIO version 3.3.6.Final 
2017-11-02 21:02:03,291 [main] DEBUG io.undertow - Configuring listener with protocol HTTP for interface 0.0.0.0 and port 3000 
2017-11-02 21:02:03,340 [main] INFO  org.projectodd.wunderboss.web.Web - Registered web context / 
2017-11-02 21:02:03,342 [main] INFO  luminus.repl-server - starting nREPL server on port 7000 
2017-11-02 21:02:03,360 [main] INFO  arcanium.core - #'arcanium.config/env started 
2017-11-02 21:02:03,361 [main] INFO  arcanium.core - #'arcanium.handler/init-app started 
2017-11-02 21:02:03,361 [main] INFO  arcanium.core - #'arcanium.core/http-server started 
2017-11-02 21:02:03,361 [main] INFO  arcanium.core - #'arcanium.core/repl-server started 
2017-11-02 21:02:10,569 [XNIO-1 task-5] DEBUG arcanium.routes.home - test 
2017-11-02 21:02:10,610 [XNIO-1 task-5] DEBUG arcanium.routes.home - {:ssl-client-cert nil, :cookies {JSESSIONID {:value w7amwwZXmerCy-9CKKuTCykej73xpGqVJ6R_2Zpl}}, :remote-addr 127.0.0.1, :params {:q !b test}, :flash nil, :handler-type :undertow, :route-handler #object[compojure.core$wrap_response$fn__2258 0x5b1bdea2 compojure.core$wrap_response$fn__2258@5b1bdea2], :route-params {}, :headers {host localhost:3000, user-agent Mozilla/5.0 (X11; Ubuntu; Linux x86_64; rv:56.0) Gecko/20100101 Firefox/56.0, cookie JSESSIONID=w7amwwZXmerCy-9CKKuTCykej73xpGqVJ6R_2Zpl, referer http://localhost:3000/test, connection keep-alive, upgrade-insecure-requests 1, accept text/html,application/xhtml+xml,application/xml;q=0.9,*/*;q=0.8, accept-language en-US,fr;q=0.8,en;q=0.5,eo;q=0.3, accept-encoding gzip, deflate}, :server-port 3000, :muuntaja/request nil, :content-length -1, :form-params {}, :compojure/route [:get /search], :server-exchange #object[io.undertow.server.HttpServerExchange 0x5f244119 HttpServerExchange{ GET /search request {Accept=[text/html,application/xhtml+xml,application/xml;q=0.9,*/*;q=0.8], Accept-Language=[en-US,fr;q=0.8,en;q=0.5,eo;q=0.3], Accept-Encoding=[gzip, deflate], User-Agent=[Mozilla/5.0 (X11; Ubuntu; Linux x86_64; rv:56.0) Gecko/20100101 Firefox/56.0], Connection=[keep-alive], Cookie=[JSESSIONID=w7amwwZXmerCy-9CKKuTCykej73xpGqVJ6R_2Zpl], Referer=[http://localhost:3000/test], Upgrade-Insecure-Requests=[1], Host=[localhost:3000]} response {Server=[undertow]}}], :query-params {q !b test}, :content-type nil, :path-info /search, :character-encoding ISO-8859-1, :context , :uri /search, :server-name localhost, :query-string q=%21b+test, :muuntaja/response #FormatAndCharset{:format application/json, :charset utf-8}, :body #object[io.undertow.io.UndertowInputStream 0x5627af97 io.undertow.io.UndertowInputStream@5627af97], :multipart-params {}, :scheme :http, :request-method :get, :route-middleware #object[clojure.core$comp$fn__4727 0x2693a8d5 clojure.core$comp$fn__4727@2693a8d5], :session {:ring.middleware.anti-forgery/anti-forgery-token FMEtMpMX6GLt8VHbi7Ah4O64RdhZeBVjEXGCeWip3HQoHXzQAne3XNw3qJrbXycS11UbLp9zFVidHZWb}} 
2017-11-02 21:02:16,944 [XNIO-1 task-6] DEBUG arcanium.routes.home - test 
2017-11-02 21:02:16,951 [XNIO-1 task-6] DEBUG arcanium.routes.home - {:ssl-client-cert nil, :cookies {JSESSIONID {:value w7amwwZXmerCy-9CKKuTCykej73xpGqVJ6R_2Zpl}}, :remote-addr 127.0.0.1, :params {:q test}, :flash nil, :handler-type :undertow, :route-handler #object[compojure.core$wrap_response$fn__2258 0x5b1bdea2 compojure.core$wrap_response$fn__2258@5b1bdea2], :route-params {}, :headers {host localhost:3000, user-agent Mozilla/5.0 (X11; Ubuntu; Linux x86_64; rv:56.0) Gecko/20100101 Firefox/56.0, cookie JSESSIONID=w7amwwZXmerCy-9CKKuTCykej73xpGqVJ6R_2Zpl, referer http://localhost:3000/test, connection keep-alive, upgrade-insecure-requests 1, accept text/html,application/xhtml+xml,application/xml;q=0.9,*/*;q=0.8, accept-language en-US,fr;q=0.8,en;q=0.5,eo;q=0.3, accept-encoding gzip, deflate}, :server-port 3000, :muuntaja/request nil, :content-length -1, :form-params {}, :compojure/route [:get /search], :server-exchange #object[io.undertow.server.HttpServerExchange 0x446f4426 HttpServerExchange{ GET /search request {Accept=[text/html,application/xhtml+xml,application/xml;q=0.9,*/*;q=0.8], Accept-Language=[en-US,fr;q=0.8,en;q=0.5,eo;q=0.3], Accept-Encoding=[gzip, deflate], User-Agent=[Mozilla/5.0 (X11; Ubuntu; Linux x86_64; rv:56.0) Gecko/20100101 Firefox/56.0], Connection=[keep-alive], Cookie=[JSESSIONID=w7amwwZXmerCy-9CKKuTCykej73xpGqVJ6R_2Zpl], Referer=[http://localhost:3000/test], Upgrade-Insecure-Requests=[1], Host=[localhost:3000]} response {Server=[undertow]}}], :query-params {q test}, :content-type nil, :path-info /search, :character-encoding ISO-8859-1, :context , :uri /search, :server-name localhost, :query-string q=test, :muuntaja/response #FormatAndCharset{:format application/json, :charset utf-8}, :body #object[io.undertow.io.UndertowInputStream 0x4aa8b2db io.undertow.io.UndertowInputStream@4aa8b2db], :multipart-params {}, :scheme :http, :request-method :get, :route-middleware #object[clojure.core$comp$fn__4727 0x4e972f56 clojure.core$comp$fn__4727@4e972f56], :session {:ring.middleware.anti-forgery/anti-forgery-token FMEtMpMX6GLt8VHbi7Ah4O64RdhZeBVjEXGCeWip3HQoHXzQAne3XNw3qJrbXycS11UbLp9zFVidHZWb}} 
2017-11-02 21:02:16,964 [XNIO-1 task-6] ERROR arcanium.middleware - #error {
 :cause nil
 :via
 [{:type java.net.MalformedURLException
   :message nil
   :at [java.net.URL <init> URL.java 627]}
  {:type java.lang.NullPointerException
   :message nil
   :at [java.net.URL <init> URL.java 532]}]
 :trace
 [[java.net.URL <init> URL.java 532]
  [java.net.URL <init> URL.java 490]
  [ring.middleware.absolute_redirects$absolute_url invokeStatic absolute_redirects.clj 29]
  [ring.middleware.absolute_redirects$absolute_url invoke absolute_redirects.clj 25]
  [clojure.lang.AFn applyToHelper AFn.java 156]
  [clojure.lang.AFn applyTo AFn.java 144]
  [clojure.core$apply invokeStatic core.clj 648]
  [clojure.core$update_in invokeStatic core.clj 5950]
  [clojure.core$update_in doInvoke core.clj 5939]
  [clojure.lang.RestFn applyTo RestFn.java 146]
  [clojure.core$apply invokeStatic core.clj 652]
  [clojure.core$update_in invokeStatic core.clj 5949]
  [clojure.core$update_in doInvoke core.clj 5939]
  [clojure.lang.RestFn applyTo RestFn.java 146]
  [clojure.core$apply invokeStatic core.clj 652]
  [clojure.core$apply invoke core.clj 641]
  [ring.middleware.absolute_redirects$update_header invokeStatic absolute_redirects.clj 18]
  [ring.middleware.absolute_redirects$update_header doInvoke absolute_redirects.clj 16]
  [clojure.lang.RestFn invoke RestFn.java 467]
  [ring.middleware.absolute_redirects$absolute_redirects_response invokeStatic absolute_redirects.clj 36]
  [ring.middleware.absolute_redirects$absolute_redirects_response invoke absolute_redirects.clj 31]
  [ring.middleware.absolute_redirects$wrap_absolute_redirects$fn__12352 invoke absolute_redirects.clj 47]
  [ring.middleware.resource$wrap_resource$fn__12232 invoke resource.clj 37]
  [ring.middleware.content_type$wrap_content_type$fn__12300 invoke content_type.clj 34]
  [ring.middleware.default_charset$wrap_default_charset$fn__12324 invoke default_charset.clj 31]
  [ring.middleware.not_modified$wrap_not_modified$fn__12281 invoke not_modified.clj 53]
  [ring.middleware.x_headers$wrap_x_header$fn__10956 invoke x_headers.clj 22]
  [ring.middleware.x_headers$wrap_x_header$fn__10956 invoke x_headers.clj 22]
  [ring.middleware.x_headers$wrap_x_header$fn__10956 invoke x_headers.clj 22]
  [arcanium.middleware$wrap_context$fn__12426 invoke middleware.clj 33]
  [arcanium.middleware$wrap_internal_error$fn__12432 invoke middleware.clj 38]
  [immutant.web.internal.undertow$create_http_handler$reify__13578 handleRequest undertow.clj 239]
  [org.projectodd.wunderboss.web.undertow.async.websocket.UndertowWebsocket$2 handleRequest UndertowWebsocket.java 109]
  [io.undertow.server.session.SessionAttachmentHandler handleRequest SessionAttachmentHandler.java 68]
  [io.undertow.server.Connectors executeRootHandler Connectors.java 211]
  [io.undertow.server.HttpServerExchange$1 run HttpServerExchange.java 809]
  [java.util.concurrent.ThreadPoolExecutor runWorker ThreadPoolExecutor.java 1149]
  [java.util.concurrent.ThreadPoolExecutor$Worker run ThreadPoolExecutor.java 624]
  [java.lang.Thread run Thread.java 748]]} 
2017-11-02 21:02:41,658 [Thread-2] INFO  luminus.repl-server - nREPL server stopped 
2017-11-02 21:02:41,659 [Thread-2] DEBUG org.projectodd.wunderboss.WunderBoss - Returning existing component for org.projectodd.wunderboss.web.Web:-1645144552, ignoring options. 
2017-11-02 21:02:41,665 [Thread-2] DEBUG io.undertow - stopping undertow server io.undertow.Undertow@48b3ce9b 
2017-11-02 21:02:41,675 [Thread-2] INFO  luminus.http-server - HTTP server stopped 
2017-11-02 21:02:41,676 [Thread-2] INFO  arcanium.env - 
-=[arcanium has shut down successfully]=- 
2017-11-02 21:02:41,677 [Thread-2] INFO  arcanium.core - #'arcanium.core/repl-server stopped 
2017-11-02 21:02:41,677 [Thread-2] INFO  arcanium.core - #'arcanium.core/http-server stopped 
2017-11-02 21:02:41,678 [Thread-2] INFO  arcanium.core - #'arcanium.handler/init-app stopped 
2017-11-02 21:06:31,690 [main] DEBUG org.jboss.logging - Logging Provider: org.jboss.logging.Slf4jLoggerProvider 
2017-11-02 21:06:32,601 [main] INFO  arcanium.env - 
-=[arcanium started successfully using the development profile]=- 
2017-11-02 21:06:32,841 [main] INFO  luminus.http-server - starting HTTP server on port 3000 
2017-11-02 21:06:32,942 [main] DEBUG io.undertow - starting undertow server io.undertow.Undertow@48b3ce9b 
2017-11-02 21:06:32,961 [main] INFO  org.xnio - XNIO version 3.3.6.Final 
2017-11-02 21:06:33,144 [main] DEBUG io.undertow - Configuring listener with protocol HTTP for interface 0.0.0.0 and port 3000 
2017-11-02 21:06:33,208 [main] INFO  org.projectodd.wunderboss.web.Web - Registered web context / 
2017-11-02 21:06:33,211 [main] INFO  luminus.repl-server - starting nREPL server on port 7000 
2017-11-02 21:06:33,230 [main] INFO  arcanium.core - #'arcanium.config/env started 
2017-11-02 21:06:33,231 [main] INFO  arcanium.core - #'arcanium.handler/init-app started 
2017-11-02 21:06:33,231 [main] INFO  arcanium.core - #'arcanium.core/http-server started 
2017-11-02 21:06:33,231 [main] INFO  arcanium.core - #'arcanium.core/repl-server started 
2017-11-02 21:07:00,106 [XNIO-1 task-5] DEBUG arcanium.routes.home - test 
2017-11-02 21:07:00,156 [XNIO-1 task-5] DEBUG arcanium.routes.home - {:ssl-client-cert nil, :cookies {JSESSIONID {:value w7amwwZXmerCy-9CKKuTCykej73xpGqVJ6R_2Zpl}}, :remote-addr 127.0.0.1, :params {:q !g}, :flash nil, :handler-type :undertow, :route-handler #object[compojure.core$wrap_response$fn__2258 0x5d3adf09 compojure.core$wrap_response$fn__2258@5d3adf09], :route-params {}, :headers {host localhost:3000, user-agent Mozilla/5.0 (X11; Ubuntu; Linux x86_64; rv:56.0) Gecko/20100101 Firefox/56.0, cookie JSESSIONID=w7amwwZXmerCy-9CKKuTCykej73xpGqVJ6R_2Zpl, referer http://localhost:3000/test, connection keep-alive, upgrade-insecure-requests 1, accept text/html,application/xhtml+xml,application/xml;q=0.9,*/*;q=0.8, accept-language en-US,fr;q=0.8,en;q=0.5,eo;q=0.3, accept-encoding gzip, deflate}, :server-port 3000, :muuntaja/request nil, :content-length -1, :form-params {}, :compojure/route [:get /search], :server-exchange #object[io.undertow.server.HttpServerExchange 0x59055076 HttpServerExchange{ GET /search request {Accept=[text/html,application/xhtml+xml,application/xml;q=0.9,*/*;q=0.8], Accept-Language=[en-US,fr;q=0.8,en;q=0.5,eo;q=0.3], Accept-Encoding=[gzip, deflate], User-Agent=[Mozilla/5.0 (X11; Ubuntu; Linux x86_64; rv:56.0) Gecko/20100101 Firefox/56.0], Connection=[keep-alive], Cookie=[JSESSIONID=w7amwwZXmerCy-9CKKuTCykej73xpGqVJ6R_2Zpl], Referer=[http://localhost:3000/test], Upgrade-Insecure-Requests=[1], Host=[localhost:3000]} response {Server=[undertow]}}], :query-params {q !g}, :content-type nil, :path-info /search, :character-encoding ISO-8859-1, :context , :uri /search, :server-name localhost, :query-string q=%21g, :muuntaja/response #FormatAndCharset{:format application/json, :charset utf-8}, :body #object[io.undertow.io.UndertowInputStream 0x5ea4dade io.undertow.io.UndertowInputStream@5ea4dade], :multipart-params {}, :scheme :http, :request-method :get, :route-middleware #object[clojure.core$comp$fn__4727 0x3d2a4cbe clojure.core$comp$fn__4727@3d2a4cbe], :session {:ring.middleware.anti-forgery/anti-forgery-token u3hXRhxXAb2YCI3gd8aYgKa8vAjx86FDyCRA92sCXvKhGnx0CiaDn+PnHP1UqoioWVftbUUdItC8qd7g}} 
2017-11-02 21:07:07,621 [XNIO-1 task-6] DEBUG arcanium.routes.home - test 
2017-11-02 21:07:07,625 [XNIO-1 task-6] DEBUG arcanium.routes.home - {:ssl-client-cert nil, :cookies {JSESSIONID {:value w7amwwZXmerCy-9CKKuTCykej73xpGqVJ6R_2Zpl}}, :remote-addr 127.0.0.1, :params {:q !g test}, :flash nil, :handler-type :undertow, :route-handler #object[compojure.core$wrap_response$fn__2258 0x5d3adf09 compojure.core$wrap_response$fn__2258@5d3adf09], :route-params {}, :headers {host localhost:3000, user-agent Mozilla/5.0 (X11; Ubuntu; Linux x86_64; rv:56.0) Gecko/20100101 Firefox/56.0, cookie JSESSIONID=w7amwwZXmerCy-9CKKuTCykej73xpGqVJ6R_2Zpl, referer http://localhost:3000/test, connection keep-alive, upgrade-insecure-requests 1, accept text/html,application/xhtml+xml,application/xml;q=0.9,*/*;q=0.8, accept-language en-US,fr;q=0.8,en;q=0.5,eo;q=0.3, accept-encoding gzip, deflate}, :server-port 3000, :muuntaja/request nil, :content-length -1, :form-params {}, :compojure/route [:get /search], :server-exchange #object[io.undertow.server.HttpServerExchange 0x5737c1d8 HttpServerExchange{ GET /search request {Accept=[text/html,application/xhtml+xml,application/xml;q=0.9,*/*;q=0.8], Accept-Language=[en-US,fr;q=0.8,en;q=0.5,eo;q=0.3], Accept-Encoding=[gzip, deflate], User-Agent=[Mozilla/5.0 (X11; Ubuntu; Linux x86_64; rv:56.0) Gecko/20100101 Firefox/56.0], Connection=[keep-alive], Cookie=[JSESSIONID=w7amwwZXmerCy-9CKKuTCykej73xpGqVJ6R_2Zpl], Referer=[http://localhost:3000/test], Upgrade-Insecure-Requests=[1], Host=[localhost:3000]} response {Server=[undertow]}}], :query-params {q !g test}, :content-type nil, :path-info /search, :character-encoding ISO-8859-1, :context , :uri /search, :server-name localhost, :query-string q=%21g+test, :muuntaja/response #FormatAndCharset{:format application/json, :charset utf-8}, :body #object[io.undertow.io.UndertowInputStream 0x59f0254e io.undertow.io.UndertowInputStream@59f0254e], :multipart-params {}, :scheme :http, :request-method :get, :route-middleware #object[clojure.core$comp$fn__4727 0x5dcfaaa8 clojure.core$comp$fn__4727@5dcfaaa8], :session {:ring.middleware.anti-forgery/anti-forgery-token u3hXRhxXAb2YCI3gd8aYgKa8vAjx86FDyCRA92sCXvKhGnx0CiaDn+PnHP1UqoioWVftbUUdItC8qd7g}} 
2017-11-02 21:07:16,669 [Thread-2] INFO  luminus.repl-server - nREPL server stopped 
2017-11-02 21:07:16,672 [Thread-2] DEBUG org.projectodd.wunderboss.WunderBoss - Returning existing component for org.projectodd.wunderboss.web.Web:-1645144552, ignoring options. 
2017-11-02 21:07:16,677 [Thread-2] DEBUG io.undertow - stopping undertow server io.undertow.Undertow@48b3ce9b 
2017-11-02 21:07:16,691 [Thread-2] INFO  luminus.http-server - HTTP server stopped 
2017-11-02 21:07:16,692 [Thread-2] INFO  arcanium.env - 
-=[arcanium has shut down successfully]=- 
2017-11-02 21:07:16,694 [Thread-2] INFO  arcanium.core - #'arcanium.core/repl-server stopped 
2017-11-02 21:07:16,695 [Thread-2] INFO  arcanium.core - #'arcanium.core/http-server stopped 
2017-11-02 21:07:16,695 [Thread-2] INFO  arcanium.core - #'arcanium.handler/init-app stopped 
